INFO 2019-07-01 08:55:14,921 9116 Dummy-6 application_aware.py __init__ 19: starting create database pool.
INFO 2019-07-01 08:55:15,142 9116 Dummy-6 application_aware.py __init__ 25: 
database pool created.
Using :
from conf import mysqlops,
mysql info:{10.0.29.179,fof_app,,fof,20}
INFO 2019-07-01 08:55:15,142 9116 Dummy-6 bus_const.py load_table_info 80: load data from mysql start
INFO 2019-07-01 08:55:15,142 9116 Dummy-6 bus_const.py load_table_info 81: starting load data from mysql ,table name chinamutualfundbenchmark
INFO 2019-07-01 08:55:15,280 9116 Dummy-6 bus_const.py load_table_info 88: starting load data from mysql ,table name chinamutualfunddescription
INFO 2019-07-01 08:55:16,126 9116 Dummy-6 bus_const.py load_table_info 104: starting load data from mysql ,table name fof_index
INFO 2019-07-01 08:55:16,126 9116 Dummy-6 bus_const.py load_table_info 111: load data from mysql done
INFO 2019-07-01 08:56:29,462 3152 Dummy-6 application_aware.py __init__ 19: starting create database pool.
INFO 2019-07-01 08:56:29,563 3152 Dummy-6 application_aware.py __init__ 25: 
database pool created.
Using :
from conf import mysqlops,
mysql info:{10.0.29.179,fof_app,,fof,20}
INFO 2019-07-01 08:56:29,563 3152 Dummy-6 bus_const.py load_table_info 80: load data from mysql start
INFO 2019-07-01 08:56:29,563 3152 Dummy-6 bus_const.py load_table_info 81: starting load data from mysql ,table name chinamutualfundbenchmark
INFO 2019-07-01 08:56:29,642 3152 Dummy-6 bus_const.py load_table_info 88: starting load data from mysql ,table name chinamutualfunddescription
INFO 2019-07-01 08:56:29,780 3152 Dummy-6 bus_const.py load_table_info 104: starting load data from mysql ,table name fof_index
INFO 2019-07-01 08:56:29,780 3152 Dummy-6 bus_const.py load_table_info 111: load data from mysql done
INFO 2019-07-01 08:58:17,440 11316 Dummy-6 application_aware.py __init__ 19: starting create database pool.
INFO 2019-07-01 08:58:17,782 11316 Dummy-6 application_aware.py __init__ 25: 
database pool created.
Using :
from conf import mysqlops,
mysql info:{10.0.29.179,fof_app,,fof,20}
INFO 2019-07-01 08:58:17,782 11316 Dummy-6 bus_const.py load_table_info 80: load data from mysql start
INFO 2019-07-01 08:58:17,782 11316 Dummy-6 bus_const.py load_table_info 81: starting load data from mysql ,table name chinamutualfundbenchmark
INFO 2019-07-01 08:58:17,914 11316 Dummy-6 bus_const.py load_table_info 88: starting load data from mysql ,table name chinamutualfunddescription
INFO 2019-07-01 08:58:18,647 11316 Dummy-6 bus_const.py load_table_info 104: starting load data from mysql ,table name fof_index
INFO 2019-07-01 08:58:18,647 11316 Dummy-6 bus_const.py load_table_info 111: load data from mysql done
INFO 2019-07-01 08:58:23,300 7048 Thread-7 application_aware.py process_request 49: requestInfo: method:[POST],url:[/offline/manager/stockScreeningAbility/returnHis],param:[]
INFO 2019-07-01 08:58:23,316 7048 Thread-7 application_aware.py process_response 58: responseInfo:{"code": "000", "message": "ok", "jobId": "5368e7fa9b9b11e9acea64006a432069"} cost:00:00:00
INFO 2019-07-01 08:58:23,360 12220 async_thread_pool_0 logic_processor.py doLogic 53: taskType:0,taskName:基金经理股票筛选能力-fof_fund_main_stock_return_his,开始 查询流水号:5368e7fa9b9b11e9acea64006a432069
