uid:3cdbe063ebce8681160312be09db4b7eids:['30418710']cnt:1
uid:B00D241E-4E74-B31F-1F02-174D4FB60ED5ids:['29806588', '29806588']cnt:2
uid:31D533DF-84D4-4CEF-0B0E-019569F6CDE4ids:['29738121', '29738121']cnt:2
uid:F90E07A3-3877-8E9C-5B82-00836B4A3FB6ids:['29778619', '29778619']cnt:2
uid:6FDFF3D8-3E16-EF40-485D-A61F2D7F0080ids:['29836711', '29836711']cnt:2
uid:BB34E4D2-C48F-3D6F-F9B4-B13C34F5E3AEids:['29852253', '29852253']cnt:2
uid:FF9B263B-0007-2946-E376-41780AAC6F5Bids:['29725254', '29725254']cnt:2
uid:163d6cde37b1f7270d50adce7592d4f9ids:['30417827', '30417827']cnt:2
uid:95A74CA9-169B-3801-A007-159780F3DFF3ids:['null']cnt:1
uid:B87E9F05-1BE6-9461-234D-7CC6861C6CF8ids:['29788017', '29788017']cnt:2
uid:D032E619-AD43-BBC3-8481-BA760F08F4E5ids:['null']cnt:1
uid:91034DBE-5AC0-B33F-25D0-CBEF7C5C70C9ids:['29750641', '29750641']cnt:2
uid:A44AE565-C130-76E1-E8CC-D8A75FAF6314ids:['29715547', '29715547']cnt:2
uid:B2644435-A654-4159-5320-144740C06711ids:['29724448', '29724448']cnt:2
uid:3997B748-3A33-D899-36EC-74D8F887947Aids:['29740780', '29740780']cnt:2
uid:FD28B98D-CEF8-E6DC-9180-A4B5E1C02F75ids:['29776420', '29776420']cnt:2
uid:D61C70F4-8079-1CA0-C251-8D5045940F39ids:['29751385', '29751385']cnt:2
uid:9EECB0DF-FF8E-B9E0-27EC-AECA2330CEF7ids:['29787924', '29787924']cnt:2
uid:FEC4641B-BA63-923C-129E-EFB1CEF880ADids:['29749941', '29749941']cnt:2
uid:d2c85c2a2c4dbe93da8727e583c97f18ids:['30048460', '30048460']cnt:2
uid:45DACCAA-C72A-812D-4A9A-84EA5A795FD8ids:['null']cnt:1
uid:81B06D61-6F31-7440-0557-62EE90E0D347ids:['30417453', '30417453']cnt:2
uid:FFB2865D-87D5-D9EC-E8A6-F4F17CB0BF40ids:['29809846', '29809846']cnt:2
uid:F2ED05A8-1B92-A8FC-C86C-8DF10B538FB9ids:['29762568', '29762568']cnt:2
uid:91cdbdb9204f36370ac269fff8909fe8ids:['30418713', '30418713']cnt:2
uid:804C337C-E52C-1923-F50C-A8F541EA5FEFids:['null']cnt:1
uid:04539F48-46B0-A622-7EC3-3D1ECC417DAFids:['29747730', '29747730']cnt:2
uid:560DF974-DD5D-F3FD-AFD3-D923B85BF3E6ids:['29738847', '29738847']cnt:2
uid:DA57D17E-FB61-084B-50BE-53C2D3B9528Fids:['29722210', '29722210']cnt:2
uid:A1586288-059F-D07D-EF1D-107637503450ids:['29830374', '29830374']cnt:2
uid:36E25927-96DD-7215-5647-3E5CB6F70D5Bids:['29794452', '29794452']cnt:2
uid:9F2AF984-6D50-9E2E-AB83-E4189FFF3D39ids:['29785565', '29785565']cnt:2
uid:3D617FE6-65FA-16F4-7FB7-4FA478AF0C92ids:['29844582', '29844582']cnt:2
uid:E1787373-30B9-DA2B-BE6B-3DA60CFE8C5Bids:['29757795', '29757795']cnt:2
uid:AF5F4C4F-25FE-7D34-3B08-F99FA147CDC4ids:['29715364', '29715364']cnt:2
uid:5046BB01-9473-4828-F75C-E3A0D8B99FE9ids:['29755733', '29755733']cnt:2
uid:70A5DBB4-758C-FDF1-E57D-129C39E66691ids:['29848716', '29848716']cnt:2
uid:EB749BAC-0803-7E19-CE3F-EC66079D1936ids:['29741110', '29741110']cnt:2
uid:30a6a1c7823905b270c0ce599965db98ids:['null']cnt:1
uid:4C954C86-4E7D-41DA-6C33-09D733A9ECC0ids:['29763549', '29763549']cnt:2
uid:2E29AEE1-1DC8-D8DD-6E51-E90565C8B54Eids:['29728854', '29728854']cnt:2
uid:58007D18-1D98-94EF-474F-794F552FC164ids:['29733778', '29733778']cnt:2
uid:73122CF8-2AF7-3B32-D3C5-43FD3BEB9E5Dids:['29770614', '29770614']cnt:2
uid:43F3AC66-09D8-CB15-8420-583DB7760526ids:['29735706', '29735706']cnt:2
uid:BBF97AA5-1C28-3EED-6576-29E58F483C9Aids:['29776607', '29776607']cnt:2
uid:0C3B7155-A003-8148-5AAD-862CD8202F70ids:['29857879', '29857879']cnt:2
uid:CC4D6F18-45B1-2D3C-1937-9C84AFDFB987ids:['29781146', '29781146']cnt:2
uid:4D4209FA-5D03-6EC1-D2B3-5A8F1511FEF9ids:['29769897', '29769897']cnt:2
uid:3B71F23B-4AC3-F9C2-02BB-F9A83B38B72Bids:['29867173', '29867173']cnt:2
uid:E1AFC52D-72F4-8C8F-97A9-BCE17EA123F7ids:['29723365', '29723365']cnt:2
uid:2D3953FB-4259-EDDC-524D-B3D0A0AE8AE5ids:['29760553', '29760553']cnt:2
uid:07C4DEB0-D9C0-AB6C-9A15-85338CF297BCids:['29794198', '29794198']cnt:2
uid:35FF39F1-8AA3-CAD9-061C-0A1502A004B2ids:['29773571', '29773571']cnt:2
uid:DCE0ADBC-F00E-DEF9-5712-BF94AE684A76ids:['29716909', '29716909']cnt:2
uid:D09EFE07-3871-6E64-7177-93FA6716DE70ids:['null']cnt:1
uid:3E38CF8E-72B8-800F-92D1-77118B353BD9ids:['29759011', '29759011']cnt:2
uid:A8BF20E8-D33F-1692-8964-9D028C7D7E4Aids:['29724703']cnt:1
uid:D9887E74-0120-52CC-96B5-9D1E18505B75ids:['29859507']cnt:1
uid:9A9414F5-7AA6-5C6A-29E9-3F094F91E794ids:['29835641']cnt:1
uid:4C436C07-9232-0C17-85F8-D6A85C66CFBAids:['29776512']cnt:1
uid:0107A853-D7EC-67C7-D4A9-925003616BD3ids:['29738597']cnt:1
uid:9A9FE4AF-44E3-76CC-8EAB-B68184948EF3ids:['29723355']cnt:1
uid:792FEE3C-523F-F6E5-98D3-06B389FF15C8ids:['29745340']cnt:1
uid:BD8917D0-C4D6-1038-5C7D-DD20BFA69C4Fids:['29738635']cnt:1
uid:580D49EF-C0C1-3F34-B497-FB5915198AA0ids:['29849555']cnt:1
uid:139489DE-33E8-9F0F-9D70-4F8C930A1968ids:['29754769']cnt:1
uid:D9F68A38-C0F1-A099-5EEC-19664D642DBDids:['null']cnt:1
